Oct 19 11:31:34 JavaBridge INFO : VM                  : 1.6.0_20@http://java.sun.com/
Oct 19 11:31:34 JavaBridge INFO : JavaBridge version             : 6.2.1    
Oct 19 11:31:34 JavaBridge INFO : logFile             : JavaBridge.log
Oct 19 11:31:34 JavaBridge INFO : default logLevel    : 3
Oct 19 11:31:34 JavaBridge INFO : socket              : HTTP_LOCAL:8080
Oct 19 11:31:34 JavaBridge INFO : java.ext.dirs       : /usr/lib/jvm/java-1.6.0-openjdk-1.6.0.0/jre/lib/ext:/usr/java/packages/lib/ext
Oct 19 11:31:34 JavaBridge INFO : php.java.bridge.base: /root
Oct 19 11:31:34 JavaBridge INFO : thread pool size    : 20
Oct 19 11:31:34 JavaBridge INFO : JavaBridgeRunner started on port INET_LOCAL:8080
Oct 19 11:59:42 JavaBridge ERROR: An exception occured: java.lang.ClassNotFoundException: net.sf.jasperreports.engine.JasperCompileManager
java.lang.ClassNotFoundException: net.sf.jasperreports.engine.JasperCompileManager
	at java.net.URLClassLoader$1.run(URLClassLoader.java:217)
	at java.security.AccessController.doPrivileged(Native Method)
	at java.net.URLClassLoader.findClass(URLClassLoader.java:205)
	at java.lang.ClassLoader.loadClass(ClassLoader.java:321)
	at sun.misc.Launcher$AppClassLoader.loadClass(Launcher.java:294)
	at java.lang.ClassLoader.loadClass(ClassLoader.java:266)
	at java.lang.Class.forName0(Native Method)
	at java.lang.Class.forName(Class.java:264)
	at php.java.bridge.Util.classForName(Util.java:1518)
	at php.java.bridge.JavaBridge.CreateObject(JavaBridge.java:445)
	at php.java.bridge.Request.handleRequest(Request.java:444)
	at php.java.bridge.Request.handleRequests(Request.java:500)
	at php.java.bridge.JavaBridge.handleRequests(JavaBridge.java:150)
	at php.java.bridge.JavaBridgeRunner.doPut(JavaBridgeRunner.java:207)
	at php.java.bridge.http.HttpServer.service(HttpServer.java:289)
	at php.java.bridge.http.HttpServer$Runner.run(HttpServer.java:205)
	at php.java.bridge.ThreadPool$Delegate.run(ThreadPool.java:60)
Oct 19 12:00:54 JavaBridge ERROR: An exception occured: java.lang.ClassNotFoundException: net.sf.jasperreports.engine.JasperCompileManager
java.lang.ClassNotFoundException: net.sf.jasperreports.engine.JasperCompileManager
	at java.net.URLClassLoader$1.run(URLClassLoader.java:217)
	at java.security.AccessController.doPrivileged(Native Method)
	at java.net.URLClassLoader.findClass(URLClassLoader.java:205)
	at java.lang.ClassLoader.loadClass(ClassLoader.java:321)
	at sun.misc.Launcher$AppClassLoader.loadClass(Launcher.java:294)
	at java.lang.ClassLoader.loadClass(ClassLoader.java:266)
	at java.lang.Class.forName0(Native Method)
	at java.lang.Class.forName(Class.java:264)
	at php.java.bridge.Util.classForName(Util.java:1518)
	at php.java.bridge.JavaBridge.CreateObject(JavaBridge.java:445)
	at php.java.bridge.Request.handleRequest(Request.java:444)
	at php.java.bridge.Request.handleRequests(Request.java:500)
	at php.java.bridge.JavaBridge.handleRequests(JavaBridge.java:150)
	at php.java.bridge.JavaBridgeRunner.doPut(JavaBridgeRunner.java:207)
	at php.java.bridge.http.HttpServer.service(HttpServer.java:289)
	at php.java.bridge.http.HttpServer$Runner.run(HttpServer.java:205)
	at php.java.bridge.ThreadPool$Delegate.run(ThreadPool.java:60)
Oct 19 12:01:06 JavaBridge ERROR: An exception occured: java.lang.ClassNotFoundException: net.sf.jasperreports.engine.JasperCompileManager
java.lang.ClassNotFoundException: net.sf.jasperreports.engine.JasperCompileManager
	at java.net.URLClassLoader$1.run(URLClassLoader.java:217)
	at java.security.AccessController.doPrivileged(Native Method)
	at java.net.URLClassLoader.findClass(URLClassLoader.java:205)
	at java.lang.ClassLoader.loadClass(ClassLoader.java:321)
	at sun.misc.Launcher$AppClassLoader.loadClass(Launcher.java:294)
	at java.lang.ClassLoader.loadClass(ClassLoader.java:266)
	at java.lang.Class.forName0(Native Method)
	at java.lang.Class.forName(Class.java:264)
	at php.java.bridge.Util.classForName(Util.java:1518)
	at php.java.bridge.JavaBridge.CreateObject(JavaBridge.java:445)
	at php.java.bridge.Request.handleRequest(Request.java:444)
	at php.java.bridge.Request.handleRequests(Request.java:500)
	at php.java.bridge.JavaBridge.handleRequests(JavaBridge.java:150)
	at php.java.bridge.JavaBridgeRunner.doPut(JavaBridgeRunner.java:207)
	at php.java.bridge.http.HttpServer.service(HttpServer.java:289)
	at php.java.bridge.http.HttpServer$Runner.run(HttpServer.java:205)
	at php.java.bridge.ThreadPool$Delegate.run(ThreadPool.java:60)
Oct 19 12:01:37 JavaBridge ERROR: An exception occured: java.lang.ClassNotFoundException: net.sf.jasperreports.engine.JasperCompileManager
java.lang.ClassNotFoundException: net.sf.jasperreports.engine.JasperCompileManager
	at java.net.URLClassLoader$1.run(URLClassLoader.java:217)
	at java.security.AccessController.doPrivileged(Native Method)
	at java.net.URLClassLoader.findClass(URLClassLoader.java:205)
	at java.lang.ClassLoader.loadClass(ClassLoader.java:321)
	at sun.misc.Launcher$AppClassLoader.loadClass(Launcher.java:294)
	at java.lang.ClassLoader.loadClass(ClassLoader.java:266)
	at java.lang.Class.forName0(Native Method)
	at java.lang.Class.forName(Class.java:264)
	at php.java.bridge.Util.classForName(Util.java:1518)
	at php.java.bridge.JavaBridge.CreateObject(JavaBridge.java:445)
	at php.java.bridge.Request.handleRequest(Request.java:444)
	at php.java.bridge.Request.handleRequests(Request.java:500)
	at php.java.bridge.JavaBridge.handleRequests(JavaBridge.java:150)
	at php.java.bridge.JavaBridgeRunner.doPut(JavaBridgeRunner.java:207)
	at php.java.bridge.http.HttpServer.service(HttpServer.java:289)
	at php.java.bridge.http.HttpServer$Runner.run(HttpServer.java:205)
	at php.java.bridge.ThreadPool$Delegate.run(ThreadPool.java:60)
Oct 19 12:04:42 JavaBridge ERROR: An exception occured: java.lang.ClassNotFoundException: net.sf.jasperreports.engine.JasperCompileManager
java.lang.ClassNotFoundException: net.sf.jasperreports.engine.JasperCompileManager
	at java.net.URLClassLoader$1.run(URLClassLoader.java:217)
	at java.security.AccessController.doPrivileged(Native Method)
	at java.net.URLClassLoader.findClass(URLClassLoader.java:205)
	at java.lang.ClassLoader.loadClass(ClassLoader.java:321)
	at sun.misc.Launcher$AppClassLoader.loadClass(Launcher.java:294)
	at java.lang.ClassLoader.loadClass(ClassLoader.java:266)
	at java.lang.Class.forName0(Native Method)
	at java.lang.Class.forName(Class.java:264)
	at php.java.bridge.Util.classForName(Util.java:1518)
	at php.java.bridge.JavaBridge.CreateObject(JavaBridge.java:445)
	at php.java.bridge.Request.handleRequest(Request.java:444)
	at php.java.bridge.Request.handleRequests(Request.java:500)
	at php.java.bridge.JavaBridge.handleRequests(JavaBridge.java:150)
	at php.java.bridge.JavaBridgeRunner.doPut(JavaBridgeRunner.java:207)
	at php.java.bridge.http.HttpServer.service(HttpServer.java:289)
	at php.java.bridge.http.HttpServer$Runner.run(HttpServer.java:205)
	at php.java.bridge.ThreadPool$Delegate.run(ThreadPool.java:60)
Oct 19 12:08:21 JavaBridge ERROR: An exception occured: java.lang.ClassNotFoundException: net.sf.jasperreports.engine.JasperCompileManager
java.lang.ClassNotFoundException: net.sf.jasperreports.engine.JasperCompileManager
	at java.net.URLClassLoader$1.run(URLClassLoader.java:217)
	at java.security.AccessController.doPrivileged(Native Method)
	at java.net.URLClassLoader.findClass(URLClassLoader.java:205)
	at java.lang.ClassLoader.loadClass(ClassLoader.java:321)
	at sun.misc.Launcher$AppClassLoader.loadClass(Launcher.java:294)
	at java.lang.ClassLoader.loadClass(ClassLoader.java:266)
	at java.lang.Class.forName0(Native Method)
	at java.lang.Class.forName(Class.java:264)
	at php.java.bridge.Util.classForName(Util.java:1518)
	at php.java.bridge.JavaBridge.CreateObject(JavaBridge.java:445)
	at php.java.bridge.Request.handleRequest(Request.java:444)
	at php.java.bridge.Request.handleRequests(Request.java:500)
	at php.java.bridge.JavaBridge.handleRequests(JavaBridge.java:150)
	at php.java.bridge.JavaBridgeRunner.doPut(JavaBridgeRunner.java:207)
	at php.java.bridge.http.HttpServer.service(HttpServer.java:289)
	at php.java.bridge.http.HttpServer$Runner.run(HttpServer.java:205)
	at php.java.bridge.ThreadPool$Delegate.run(ThreadPool.java:60)
Oct 19 12:10:25 JavaBridge ERROR: An exception occured: java.lang.ClassNotFoundException: net.sf.jasperreports.engine.JasperCompileManager
java.lang.ClassNotFoundException: net.sf.jasperreports.engine.JasperCompileManager
	at java.net.URLClassLoader$1.run(URLClassLoader.java:217)
	at java.security.AccessController.doPrivileged(Native Method)
	at java.net.URLClassLoader.findClass(URLClassLoader.java:205)
	at java.lang.ClassLoader.loadClass(ClassLoader.java:321)
	at sun.misc.Launcher$AppClassLoader.loadClass(Launcher.java:294)
	at java.lang.ClassLoader.loadClass(ClassLoader.java:266)
	at java.lang.Class.forName0(Native Method)
	at java.lang.Class.forName(Class.java:264)
	at php.java.bridge.Util.classForName(Util.java:1518)
	at php.java.bridge.JavaBridge.CreateObject(JavaBridge.java:445)
	at php.java.bridge.Request.handleRequest(Request.java:444)
	at php.java.bridge.Request.handleRequests(Request.java:500)
	at php.java.bridge.JavaBridge.handleRequests(JavaBridge.java:150)
	at php.java.bridge.JavaBridgeRunner.doPut(JavaBridgeRunner.java:207)
	at php.java.bridge.http.HttpServer.service(HttpServer.java:289)
	at php.java.bridge.http.HttpServer$Runner.run(HttpServer.java:205)
	at php.java.bridge.ThreadPool$Delegate.run(ThreadPool.java:60)
Oct 19 12:10:32 JavaBridge ERROR: An exception occured: java.lang.ClassNotFoundException: net.sf.jasperreports.engine.JasperCompileManager
java.lang.ClassNotFoundException: net.sf.jasperreports.engine.JasperCompileManager
	at java.net.URLClassLoader$1.run(URLClassLoader.java:217)
	at java.security.AccessController.doPrivileged(Native Method)
	at java.net.URLClassLoader.findClass(URLClassLoader.java:205)
	at java.lang.ClassLoader.loadClass(ClassLoader.java:321)
	at sun.misc.Launcher$AppClassLoader.loadClass(Launcher.java:294)
	at java.lang.ClassLoader.loadClass(ClassLoader.java:266)
	at java.lang.Class.forName0(Native Method)
	at java.lang.Class.forName(Class.java:264)
	at php.java.bridge.Util.classForName(Util.java:1518)
	at php.java.bridge.JavaBridge.CreateObject(JavaBridge.java:445)
	at php.java.bridge.Request.handleRequest(Request.java:444)
	at php.java.bridge.Request.handleRequests(Request.java:500)
	at php.java.bridge.JavaBridge.handleRequests(JavaBridge.java:150)
	at php.java.bridge.JavaBridgeRunner.doPut(JavaBridgeRunner.java:207)
	at php.java.bridge.http.HttpServer.service(HttpServer.java:289)
	at php.java.bridge.http.HttpServer$Runner.run(HttpServer.java:205)
	at php.java.bridge.ThreadPool$Delegate.run(ThreadPool.java:60)
Oct 19 12:12:07 JavaBridge ERROR: An exception occured: java.lang.ClassNotFoundException: net.sf.jasperreports.engine.JasperCompileManager
java.lang.ClassNotFoundException: net.sf.jasperreports.engine.JasperCompileManager
	at java.net.URLClassLoader$1.run(URLClassLoader.java:217)
	at java.security.AccessController.doPrivileged(Native Method)
	at java.net.URLClassLoader.findClass(URLClassLoader.java:205)
	at java.lang.ClassLoader.loadClass(ClassLoader.java:321)
	at sun.misc.Launcher$AppClassLoader.loadClass(Launcher.java:294)
	at java.lang.ClassLoader.loadClass(ClassLoader.java:266)
	at java.lang.Class.forName0(Native Method)
	at java.lang.Class.forName(Class.java:264)
	at php.java.bridge.Util.classForName(Util.java:1518)
	at php.java.bridge.JavaBridge.CreateObject(JavaBridge.java:445)
	at php.java.bridge.Request.handleRequest(Request.java:444)
	at php.java.bridge.Request.handleRequests(Request.java:500)
	at php.java.bridge.JavaBridge.handleRequests(JavaBridge.java:150)
	at php.java.bridge.JavaBridgeRunner.doPut(JavaBridgeRunner.java:207)
	at php.java.bridge.http.HttpServer.service(HttpServer.java:289)
	at php.java.bridge.http.HttpServer$Runner.run(HttpServer.java:205)
	at php.java.bridge.ThreadPool$Delegate.run(ThreadPool.java:60)
Oct 19 12:12:09 JavaBridge ERROR: An exception occured: java.lang.ClassNotFoundException: net.sf.jasperreports.engine.JasperCompileManager
java.lang.ClassNotFoundException: net.sf.jasperreports.engine.JasperCompileManager
	at java.net.URLClassLoader$1.run(URLClassLoader.java:217)
	at java.security.AccessController.doPrivileged(Native Method)
	at java.net.URLClassLoader.findClass(URLClassLoader.java:205)
	at java.lang.ClassLoader.loadClass(ClassLoader.java:321)
	at sun.misc.Launcher$AppClassLoader.loadClass(Launcher.java:294)
	at java.lang.ClassLoader.loadClass(ClassLoader.java:266)
	at java.lang.Class.forName0(Native Method)
	at java.lang.Class.forName(Class.java:264)
	at php.java.bridge.Util.classForName(Util.java:1518)
	at php.java.bridge.JavaBridge.CreateObject(JavaBridge.java:445)
	at php.java.bridge.Request.handleRequest(Request.java:444)
	at php.java.bridge.Request.handleRequests(Request.java:500)
	at php.java.bridge.JavaBridge.handleRequests(JavaBridge.java:150)
	at php.java.bridge.JavaBridgeRunner.doPut(JavaBridgeRunner.java:207)
	at php.java.bridge.http.HttpServer.service(HttpServer.java:289)
	at php.java.bridge.http.HttpServer$Runner.run(HttpServer.java:205)
	at php.java.bridge.ThreadPool$Delegate.run(ThreadPool.java:60)
Oct 19 12:12:09 JavaBridge ERROR: An exception occured: java.lang.ClassNotFoundException: net.sf.jasperreports.engine.JasperCompileManager
java.lang.ClassNotFoundException: net.sf.jasperreports.engine.JasperCompileManager
	at java.net.URLClassLoader$1.run(URLClassLoader.java:217)
	at java.security.AccessController.doPrivileged(Native Method)
	at java.net.URLClassLoader.findClass(URLClassLoader.java:205)
	at java.lang.ClassLoader.loadClass(ClassLoader.java:321)
	at sun.misc.Launcher$AppClassLoader.loadClass(Launcher.java:294)
	at java.lang.ClassLoader.loadClass(ClassLoader.java:266)
	at java.lang.Class.forName0(Native Method)
	at java.lang.Class.forName(Class.java:264)
	at php.java.bridge.Util.classForName(Util.java:1518)
	at php.java.bridge.JavaBridge.CreateObject(JavaBridge.java:445)
	at php.java.bridge.Request.handleRequest(Request.java:444)
	at php.java.bridge.Request.handleRequests(Request.java:500)
	at php.java.bridge.JavaBridge.handleRequests(JavaBridge.java:150)
	at php.java.bridge.JavaBridgeRunner.doPut(JavaBridgeRunner.java:207)
	at php.java.bridge.http.HttpServer.service(HttpServer.java:289)
	at php.java.bridge.http.HttpServer$Runner.run(HttpServer.java:205)
	at php.java.bridge.ThreadPool$Delegate.run(ThreadPool.java:60)
Oct 19 12:12:10 JavaBridge ERROR: An exception occured: java.lang.ClassNotFoundException: net.sf.jasperreports.engine.JasperCompileManager
java.lang.ClassNotFoundException: net.sf.jasperreports.engine.JasperCompileManager
	at java.net.URLClassLoader$1.run(URLClassLoader.java:217)
	at java.security.AccessController.doPrivileged(Native Method)
	at java.net.URLClassLoader.findClass(URLClassLoader.java:205)
	at java.lang.ClassLoader.loadClass(ClassLoader.java:321)
	at sun.misc.Launcher$AppClassLoader.loadClass(Launcher.java:294)
	at java.lang.ClassLoader.loadClass(ClassLoader.java:266)
	at java.lang.Class.forName0(Native Method)
	at java.lang.Class.forName(Class.java:264)
	at php.java.bridge.Util.classForName(Util.java:1518)
	at php.java.bridge.JavaBridge.CreateObject(JavaBridge.java:445)
	at php.java.bridge.Request.handleRequest(Request.java:444)
	at php.java.bridge.Request.handleRequests(Request.java:500)
	at php.java.bridge.JavaBridge.handleRequests(JavaBridge.java:150)
	at php.java.bridge.JavaBridgeRunner.doPut(JavaBridgeRunner.java:207)
	at php.java.bridge.http.HttpServer.service(HttpServer.java:289)
	at php.java.bridge.http.HttpServer$Runner.run(HttpServer.java:205)
	at php.java.bridge.ThreadPool$Delegate.run(ThreadPool.java:60)
Oct 19 12:12:10 JavaBridge ERROR: An exception occured: java.lang.ClassNotFoundException: net.sf.jasperreports.engine.JasperCompileManager
java.lang.ClassNotFoundException: net.sf.jasperreports.engine.JasperCompileManager
	at java.net.URLClassLoader$1.run(URLClassLoader.java:217)
	at java.security.AccessController.doPrivileged(Native Method)
	at java.net.URLClassLoader.findClass(URLClassLoader.java:205)
	at java.lang.ClassLoader.loadClass(ClassLoader.java:321)
	at sun.misc.Launcher$AppClassLoader.loadClass(Launcher.java:294)
	at java.lang.ClassLoader.loadClass(ClassLoader.java:266)
	at java.lang.Class.forName0(Native Method)
	at java.lang.Class.forName(Class.java:264)
	at php.java.bridge.Util.classForName(Util.java:1518)
	at php.java.bridge.JavaBridge.CreateObject(JavaBridge.java:445)
	at php.java.bridge.Request.handleRequest(Request.java:444)
	at php.java.bridge.Request.handleRequests(Request.java:500)
	at php.java.bridge.JavaBridge.handleRequests(JavaBridge.java:150)
	at php.java.bridge.JavaBridgeRunner.doPut(JavaBridgeRunner.java:207)
	at php.java.bridge.http.HttpServer.service(HttpServer.java:289)
	at php.java.bridge.http.HttpServer$Runner.run(HttpServer.java:205)
	at php.java.bridge.ThreadPool$Delegate.run(ThreadPool.java:60)
Oct 19 12:12:10 JavaBridge ERROR: An exception occured: java.lang.ClassNotFoundException: net.sf.jasperreports.engine.JasperCompileManager
java.lang.ClassNotFoundException: net.sf.jasperreports.engine.JasperCompileManager
	at java.net.URLClassLoader$1.run(URLClassLoader.java:217)
	at java.security.AccessController.doPrivileged(Native Method)
	at java.net.URLClassLoader.findClass(URLClassLoader.java:205)
	at java.lang.ClassLoader.loadClass(ClassLoader.java:321)
	at sun.misc.Launcher$AppClassLoader.loadClass(Launcher.java:294)
	at java.lang.ClassLoader.loadClass(ClassLoader.java:266)
	at java.lang.Class.forName0(Native Method)
	at java.lang.Class.forName(Class.java:264)
	at php.java.bridge.Util.classForName(Util.java:1518)
	at php.java.bridge.JavaBridge.CreateObject(JavaBridge.java:445)
	at php.java.bridge.Request.handleRequest(Request.java:444)
	at php.java.bridge.Request.handleRequests(Request.java:500)
	at php.java.bridge.JavaBridge.handleRequests(JavaBridge.java:150)
	at php.java.bridge.JavaBridgeRunner.doPut(JavaBridgeRunner.java:207)
	at php.java.bridge.http.HttpServer.service(HttpServer.java:289)
	at php.java.bridge.http.HttpServer$Runner.run(HttpServer.java:205)
	at php.java.bridge.ThreadPool$Delegate.run(ThreadPool.java:60)
Oct 19 12:12:10 JavaBridge ERROR: An exception occured: java.lang.ClassNotFoundException: net.sf.jasperreports.engine.JasperCompileManager
java.lang.ClassNotFoundException: net.sf.jasperreports.engine.JasperCompileManager
	at java.net.URLClassLoader$1.run(URLClassLoader.java:217)
	at java.security.AccessController.doPrivileged(Native Method)
	at java.net.URLClassLoader.findClass(URLClassLoader.java:205)
	at java.lang.ClassLoader.loadClass(ClassLoader.java:321)
	at sun.misc.Launcher$AppClassLoader.loadClass(Launcher.java:294)
	at java.lang.ClassLoader.loadClass(ClassLoader.java:266)
	at java.lang.Class.forName0(Native Method)
	at java.lang.Class.forName(Class.java:264)
	at php.java.bridge.Util.classForName(Util.java:1518)
	at php.java.bridge.JavaBridge.CreateObject(JavaBridge.java:445)
	at php.java.bridge.Request.handleRequest(Request.java:444)
	at php.java.bridge.Request.handleRequests(Request.java:500)
	at php.java.bridge.JavaBridge.handleRequests(JavaBridge.java:150)
	at php.java.bridge.JavaBridgeRunner.doPut(JavaBridgeRunner.java:207)
	at php.java.bridge.http.HttpServer.service(HttpServer.java:289)
	at php.java.bridge.http.HttpServer$Runner.run(HttpServer.java:205)
	at php.java.bridge.ThreadPool$Delegate.run(ThreadPool.java:60)
Oct 19 12:12:41 JavaBridge ERROR: An exception occured: java.lang.ClassNotFoundException: net.sf.jasperreports.engine.JasperCompileManager
java.lang.ClassNotFoundException: net.sf.jasperreports.engine.JasperCompileManager
	at java.net.URLClassLoader$1.run(URLClassLoader.java:217)
	at java.security.AccessController.doPrivileged(Native Method)
	at java.net.URLClassLoader.findClass(URLClassLoader.java:205)
	at java.lang.ClassLoader.loadClass(ClassLoader.java:321)
	at sun.misc.Launcher$AppClassLoader.loadClass(Launcher.java:294)
	at java.lang.ClassLoader.loadClass(ClassLoader.java:266)
	at java.lang.Class.forName0(Native Method)
	at java.lang.Class.forName(Class.java:264)
	at php.java.bridge.Util.classForName(Util.java:1518)
	at php.java.bridge.JavaBridge.CreateObject(JavaBridge.java:445)
	at php.java.bridge.Request.handleRequest(Request.java:444)
	at php.java.bridge.Request.handleRequests(Request.java:500)
	at php.java.bridge.JavaBridge.handleRequests(JavaBridge.java:150)
	at php.java.bridge.JavaBridgeRunner.doPut(JavaBridgeRunner.java:207)
	at php.java.bridge.http.HttpServer.service(HttpServer.java:289)
	at php.java.bridge.http.HttpServer$Runner.run(HttpServer.java:205)
	at php.java.bridge.ThreadPool$Delegate.run(ThreadPool.java:60)
Oct 19 12:12:42 JavaBridge ERROR: An exception occured: java.lang.ClassNotFoundException: net.sf.jasperreports.engine.JasperCompileManager
java.lang.ClassNotFoundException: net.sf.jasperreports.engine.JasperCompileManager
	at java.net.URLClassLoader$1.run(URLClassLoader.java:217)
	at java.security.AccessController.doPrivileged(Native Method)
	at java.net.URLClassLoader.findClass(URLClassLoader.java:205)
	at java.lang.ClassLoader.loadClass(ClassLoader.java:321)
	at sun.misc.Launcher$AppClassLoader.loadClass(Launcher.java:294)
	at java.lang.ClassLoader.loadClass(ClassLoader.java:266)
	at java.lang.Class.forName0(Native Method)
	at java.lang.Class.forName(Class.java:264)
	at php.java.bridge.Util.classForName(Util.java:1518)
	at php.java.bridge.JavaBridge.CreateObject(JavaBridge.java:445)
	at php.java.bridge.Request.handleRequest(Request.java:444)
	at php.java.bridge.Request.handleRequests(Request.java:500)
	at php.java.bridge.JavaBridge.handleRequests(JavaBridge.java:150)
	at php.java.bridge.JavaBridgeRunner.doPut(JavaBridgeRunner.java:207)
	at php.java.bridge.http.HttpServer.service(HttpServer.java:289)
	at php.java.bridge.http.HttpServer$Runner.run(HttpServer.java:205)
	at php.java.bridge.ThreadPool$Delegate.run(ThreadPool.java:60)
Oct 19 12:12:43 JavaBridge ERROR: An exception occured: java.lang.ClassNotFoundException: net.sf.jasperreports.engine.JasperCompileManager
java.lang.ClassNotFoundException: net.sf.jasperreports.engine.JasperCompileManager
	at java.net.URLClassLoader$1.run(URLClassLoader.java:217)
	at java.security.AccessController.doPrivileged(Native Method)
	at java.net.URLClassLoader.findClass(URLClassLoader.java:205)
	at java.lang.ClassLoader.loadClass(ClassLoader.java:321)
	at sun.misc.Launcher$AppClassLoader.loadClass(Launcher.java:294)
	at java.lang.ClassLoader.loadClass(ClassLoader.java:266)
	at java.lang.Class.forName0(Native Method)
	at java.lang.Class.forName(Class.java:264)
	at php.java.bridge.Util.classForName(Util.java:1518)
	at php.java.bridge.JavaBridge.CreateObject(JavaBridge.java:445)
	at php.java.bridge.Request.handleRequest(Request.java:444)
	at php.java.bridge.Request.handleRequests(Request.java:500)
	at php.java.bridge.JavaBridge.handleRequests(JavaBridge.java:150)
	at php.java.bridge.JavaBridgeRunner.doPut(JavaBridgeRunner.java:207)
	at php.java.bridge.http.HttpServer.service(HttpServer.java:289)
	at php.java.bridge.http.HttpServer$Runner.run(HttpServer.java:205)
	at php.java.bridge.ThreadPool$Delegate.run(ThreadPool.java:60)
Oct 19 12:12:43 JavaBridge ERROR: An exception occured: java.lang.ClassNotFoundException: net.sf.jasperreports.engine.JasperCompileManager
java.lang.ClassNotFoundException: net.sf.jasperreports.engine.JasperCompileManager
	at java.net.URLClassLoader$1.run(URLClassLoader.java:217)
	at java.security.AccessController.doPrivileged(Native Method)
	at java.net.URLClassLoader.findClass(URLClassLoader.java:205)
	at java.lang.ClassLoader.loadClass(ClassLoader.java:321)
	at sun.misc.Launcher$AppClassLoader.loadClass(Launcher.java:294)
	at java.lang.ClassLoader.loadClass(ClassLoader.java:266)
	at java.lang.Class.forName0(Native Method)
	at java.lang.Class.forName(Class.java:264)
	at php.java.bridge.Util.classForName(Util.java:1518)
	at php.java.bridge.JavaBridge.CreateObject(JavaBridge.java:445)
	at php.java.bridge.Request.handleRequest(Request.java:444)
	at php.java.bridge.Request.handleRequests(Request.java:500)
	at php.java.bridge.JavaBridge.handleRequests(JavaBridge.java:150)
	at php.java.bridge.JavaBridgeRunner.doPut(JavaBridgeRunner.java:207)
	at php.java.bridge.http.HttpServer.service(HttpServer.java:289)
	at php.java.bridge.http.HttpServer$Runner.run(HttpServer.java:205)
	at php.java.bridge.ThreadPool$Delegate.run(ThreadPool.java:60)
Oct 19 12:12:44 JavaBridge ERROR: An exception occured: java.lang.ClassNotFoundException: net.sf.jasperreports.engine.JasperCompileManager
java.lang.ClassNotFoundException: net.sf.jasperreports.engine.JasperCompileManager
	at java.net.URLClassLoader$1.run(URLClassLoader.java:217)
	at java.security.AccessController.doPrivileged(Native Method)
	at java.net.URLClassLoader.findClass(URLClassLoader.java:205)
	at java.lang.ClassLoader.loadClass(ClassLoader.java:321)
	at sun.misc.Launcher$AppClassLoader.loadClass(Launcher.java:294)
	at java.lang.ClassLoader.loadClass(ClassLoader.java:266)
	at java.lang.Class.forName0(Native Method)
	at java.lang.Class.forName(Class.java:264)
	at php.java.bridge.Util.classForName(Util.java:1518)
	at php.java.bridge.JavaBridge.CreateObject(JavaBridge.java:445)
	at php.java.bridge.Request.handleRequest(Request.java:444)
	at php.java.bridge.Request.handleRequests(Request.java:500)
	at php.java.bridge.JavaBridge.handleRequests(JavaBridge.java:150)
	at php.java.bridge.JavaBridgeRunner.doPut(JavaBridgeRunner.java:207)
	at php.java.bridge.http.HttpServer.service(HttpServer.java:289)
	at php.java.bridge.http.HttpServer$Runner.run(HttpServer.java:205)
	at php.java.bridge.ThreadPool$Delegate.run(ThreadPool.java:60)
Oct 19 12:12:44 JavaBridge ERROR: An exception occured: java.lang.ClassNotFoundException: net.sf.jasperreports.engine.JasperCompileManager
java.lang.ClassNotFoundException: net.sf.jasperreports.engine.JasperCompileManager
	at java.net.URLClassLoader$1.run(URLClassLoader.java:217)
	at java.security.AccessController.doPrivileged(Native Method)
	at java.net.URLClassLoader.findClass(URLClassLoader.java:205)
	at java.lang.ClassLoader.loadClass(ClassLoader.java:321)
	at sun.misc.Launcher$AppClassLoader.loadClass(Launcher.java:294)
	at java.lang.ClassLoader.loadClass(ClassLoader.java:266)
	at java.lang.Class.forName0(Native Method)
	at java.lang.Class.forName(Class.java:264)
	at php.java.bridge.Util.classForName(Util.java:1518)
	at php.java.bridge.JavaBridge.CreateObject(JavaBridge.java:445)
	at php.java.bridge.Request.handleRequest(Request.java:444)
	at php.java.bridge.Request.handleRequests(Request.java:500)
	at php.java.bridge.JavaBridge.handleRequests(JavaBridge.java:150)
	at php.java.bridge.JavaBridgeRunner.doPut(JavaBridgeRunner.java:207)
	at php.java.bridge.http.HttpServer.service(HttpServer.java:289)
	at php.java.bridge.http.HttpServer$Runner.run(HttpServer.java:205)
	at php.java.bridge.ThreadPool$Delegate.run(ThreadPool.java:60)
Oct 19 12:12:45 JavaBridge ERROR: An exception occured: java.lang.ClassNotFoundException: net.sf.jasperreports.engine.JasperCompileManager
java.lang.ClassNotFoundException: net.sf.jasperreports.engine.JasperCompileManager
	at java.net.URLClassLoader$1.run(URLClassLoader.java:217)
	at java.security.AccessController.doPrivileged(Native Method)
	at java.net.URLClassLoader.findClass(URLClassLoader.java:205)
	at java.lang.ClassLoader.loadClass(ClassLoader.java:321)
	at sun.misc.Launcher$AppClassLoader.loadClass(Launcher.java:294)
	at java.lang.ClassLoader.loadClass(ClassLoader.java:266)
	at java.lang.Class.forName0(Native Method)
	at java.lang.Class.forName(Class.java:264)
	at php.java.bridge.Util.classForName(Util.java:1518)
	at php.java.bridge.JavaBridge.CreateObject(JavaBridge.java:445)
	at php.java.bridge.Request.handleRequest(Request.java:444)
	at php.java.bridge.Request.handleRequests(Request.java:500)
	at php.java.bridge.JavaBridge.handleRequests(JavaBridge.java:150)
	at php.java.bridge.JavaBridgeRunner.doPut(JavaBridgeRunner.java:207)
	at php.java.bridge.http.HttpServer.service(HttpServer.java:289)
	at php.java.bridge.http.HttpServer$Runner.run(HttpServer.java:205)
	at php.java.bridge.ThreadPool$Delegate.run(ThreadPool.java:60)
Oct 19 12:15:41 JavaBridge ERROR: An exception occured: java.lang.ClassNotFoundException: net.sf.jasperreports.engine.JasperCompileManager
java.lang.ClassNotFoundException: net.sf.jasperreports.engine.JasperCompileManager
	at java.net.URLClassLoader$1.run(URLClassLoader.java:217)
	at java.security.AccessController.doPrivileged(Native Method)
	at java.net.URLClassLoader.findClass(URLClassLoader.java:205)
	at java.lang.ClassLoader.loadClass(ClassLoader.java:321)
	at sun.misc.Launcher$AppClassLoader.loadClass(Launcher.java:294)
	at java.lang.ClassLoader.loadClass(ClassLoader.java:266)
	at java.lang.Class.forName0(Native Method)
	at java.lang.Class.forName(Class.java:264)
	at php.java.bridge.Util.classForName(Util.java:1518)
	at php.java.bridge.JavaBridge.CreateObject(JavaBridge.java:445)
	at php.java.bridge.Request.handleRequest(Request.java:444)
	at php.java.bridge.Request.handleRequests(Request.java:500)
	at php.java.bridge.JavaBridge.handleRequests(JavaBridge.java:150)
	at php.java.bridge.JavaBridgeRunner.doPut(JavaBridgeRunner.java:207)
	at php.java.bridge.http.HttpServer.service(HttpServer.java:289)
	at php.java.bridge.http.HttpServer$Runner.run(HttpServer.java:205)
	at php.java.bridge.ThreadPool$Delegate.run(ThreadPool.java:60)
Oct 19 12:15:43 JavaBridge ERROR: An exception occured: java.lang.ClassNotFoundException: net.sf.jasperreports.engine.JasperCompileManager
java.lang.ClassNotFoundException: net.sf.jasperreports.engine.JasperCompileManager
	at java.net.URLClassLoader$1.run(URLClassLoader.java:217)
	at java.security.AccessController.doPrivileged(Native Method)
	at java.net.URLClassLoader.findClass(URLClassLoader.java:205)
	at java.lang.ClassLoader.loadClass(ClassLoader.java:321)
	at sun.misc.Launcher$AppClassLoader.loadClass(Launcher.java:294)
	at java.lang.ClassLoader.loadClass(ClassLoader.java:266)
	at java.lang.Class.forName0(Native Method)
	at java.lang.Class.forName(Class.java:264)
	at php.java.bridge.Util.classForName(Util.java:1518)
	at php.java.bridge.JavaBridge.CreateObject(JavaBridge.java:445)
	at php.java.bridge.Request.handleRequest(Request.java:444)
	at php.java.bridge.Request.handleRequests(Request.java:500)
	at php.java.bridge.JavaBridge.handleRequests(JavaBridge.java:150)
	at php.java.bridge.JavaBridgeRunner.doPut(JavaBridgeRunner.java:207)
	at php.java.bridge.http.HttpServer.service(HttpServer.java:289)
	at php.java.bridge.http.HttpServer$Runner.run(HttpServer.java:205)
	at php.java.bridge.ThreadPool$Delegate.run(ThreadPool.java:60)
Oct 19 12:15:59 JavaBridge ERROR: An exception occured: java.lang.ClassNotFoundException: net.sf.jasperreports.engine.JasperCompileManager
java.lang.ClassNotFoundException: net.sf.jasperreports.engine.JasperCompileManager
	at java.net.URLClassLoader$1.run(URLClassLoader.java:217)
	at java.security.AccessController.doPrivileged(Native Method)
	at java.net.URLClassLoader.findClass(URLClassLoader.java:205)
	at java.lang.ClassLoader.loadClass(ClassLoader.java:321)
	at sun.misc.Launcher$AppClassLoader.loadClass(Launcher.java:294)
	at java.lang.ClassLoader.loadClass(ClassLoader.java:266)
	at java.lang.Class.forName0(Native Method)
	at java.lang.Class.forName(Class.java:264)
	at php.java.bridge.Util.classForName(Util.java:1518)
	at php.java.bridge.JavaBridge.CreateObject(JavaBridge.java:445)
	at php.java.bridge.Request.handleRequest(Request.java:444)
	at php.java.bridge.Request.handleRequests(Request.java:500)
	at php.java.bridge.JavaBridge.handleRequests(JavaBridge.java:150)
	at php.java.bridge.JavaBridgeRunner.doPut(JavaBridgeRunner.java:207)
	at php.java.bridge.http.HttpServer.service(HttpServer.java:289)
	at php.java.bridge.http.HttpServer$Runner.run(HttpServer.java:205)
	at php.java.bridge.ThreadPool$Delegate.run(ThreadPool.java:60)
Oct 19 12:16:03 JavaBridge ERROR: An exception occured: java.lang.ClassNotFoundException: net.sf.jasperreports.engine.JasperCompileManager
java.lang.ClassNotFoundException: net.sf.jasperreports.engine.JasperCompileManager
	at java.net.URLClassLoader$1.run(URLClassLoader.java:217)
	at java.security.AccessController.doPrivileged(Native Method)
	at java.net.URLClassLoader.findClass(URLClassLoader.java:205)
	at java.lang.ClassLoader.loadClass(ClassLoader.java:321)
	at sun.misc.Launcher$AppClassLoader.loadClass(Launcher.java:294)
	at java.lang.ClassLoader.loadClass(ClassLoader.java:266)
	at java.lang.Class.forName0(Native Method)
	at java.lang.Class.forName(Class.java:264)
	at php.java.bridge.Util.classForName(Util.java:1518)
	at php.java.bridge.JavaBridge.CreateObject(JavaBridge.java:445)
	at php.java.bridge.Request.handleRequest(Request.java:444)
	at php.java.bridge.Request.handleRequests(Request.java:500)
	at php.java.bridge.JavaBridge.handleRequests(JavaBridge.java:150)
	at php.java.bridge.JavaBridgeRunner.doPut(JavaBridgeRunner.java:207)
	at php.java.bridge.http.HttpServer.service(HttpServer.java:289)
	at php.java.bridge.http.HttpServer$Runner.run(HttpServer.java:205)
	at php.java.bridge.ThreadPool$Delegate.run(ThreadPool.java:60)
Oct 19 12:22:25 JavaBridge ERROR: An exception occured: java.lang.ClassNotFoundException: net.sf.jasperreports.engine.JasperCompileManager
java.lang.ClassNotFoundException: net.sf.jasperreports.engine.JasperCompileManager
	at java.net.URLClassLoader$1.run(URLClassLoader.java:217)
	at java.security.AccessController.doPrivileged(Native Method)
	at java.net.URLClassLoader.findClass(URLClassLoader.java:205)
	at java.lang.ClassLoader.loadClass(ClassLoader.java:321)
	at sun.misc.Launcher$AppClassLoader.loadClass(Launcher.java:294)
	at java.lang.ClassLoader.loadClass(ClassLoader.java:266)
	at java.lang.Class.forName0(Native Method)
	at java.lang.Class.forName(Class.java:264)
	at php.java.bridge.Util.classForName(Util.java:1518)
	at php.java.bridge.JavaBridge.CreateObject(JavaBridge.java:445)
	at php.java.bridge.Request.handleRequest(Request.java:444)
	at php.java.bridge.Request.handleRequests(Request.java:500)
	at php.java.bridge.JavaBridge.handleRequests(JavaBridge.java:150)
	at php.java.bridge.JavaBridgeRunner.doPut(JavaBridgeRunner.java:207)
	at php.java.bridge.http.HttpServer.service(HttpServer.java:289)
	at php.java.bridge.http.HttpServer$Runner.run(HttpServer.java:205)
	at php.java.bridge.ThreadPool$Delegate.run(ThreadPool.java:60)
Oct 19 12:22:27 JavaBridge ERROR: An exception occured: java.lang.ClassNotFoundException: net.sf.jasperreports.engine.JasperCompileManager
java.lang.ClassNotFoundException: net.sf.jasperreports.engine.JasperCompileManager
	at java.net.URLClassLoader$1.run(URLClassLoader.java:217)
	at java.security.AccessController.doPrivileged(Native Method)
	at java.net.URLClassLoader.findClass(URLClassLoader.java:205)
	at java.lang.ClassLoader.loadClass(ClassLoader.java:321)
	at sun.misc.Launcher$AppClassLoader.loadClass(Launcher.java:294)
	at java.lang.ClassLoader.loadClass(ClassLoader.java:266)
	at java.lang.Class.forName0(Native Method)
	at java.lang.Class.forName(Class.java:264)
	at php.java.bridge.Util.classForName(Util.java:1518)
	at php.java.bridge.JavaBridge.CreateObject(JavaBridge.java:445)
	at php.java.bridge.Request.handleRequest(Request.java:444)
	at php.java.bridge.Request.handleRequests(Request.java:500)
	at php.java.bridge.JavaBridge.handleRequests(JavaBridge.java:150)
	at php.java.bridge.JavaBridgeRunner.doPut(JavaBridgeRunner.java:207)
	at php.java.bridge.http.HttpServer.service(HttpServer.java:289)
	at php.java.bridge.http.HttpServer$Runner.run(HttpServer.java:205)
	at php.java.bridge.ThreadPool$Delegate.run(ThreadPool.java:60)
Oct 19 12:22:27 JavaBridge ERROR: An exception occured: java.lang.ClassNotFoundException: net.sf.jasperreports.engine.JasperCompileManager
java.lang.ClassNotFoundException: net.sf.jasperreports.engine.JasperCompileManager
	at java.net.URLClassLoader$1.run(URLClassLoader.java:217)
	at java.security.AccessController.doPrivileged(Native Method)
	at java.net.URLClassLoader.findClass(URLClassLoader.java:205)
	at java.lang.ClassLoader.loadClass(ClassLoader.java:321)
	at sun.misc.Launcher$AppClassLoader.loadClass(Launcher.java:294)
	at java.lang.ClassLoader.loadClass(ClassLoader.java:266)
	at java.lang.Class.forName0(Native Method)
	at java.lang.Class.forName(Class.java:264)
	at php.java.bridge.Util.classForName(Util.java:1518)
	at php.java.bridge.JavaBridge.CreateObject(JavaBridge.java:445)
	at php.java.bridge.Request.handleRequest(Request.java:444)
	at php.java.bridge.Request.handleRequests(Request.java:500)
	at php.java.bridge.JavaBridge.handleRequests(JavaBridge.java:150)
	at php.java.bridge.JavaBridgeRunner.doPut(JavaBridgeRunner.java:207)
	at php.java.bridge.http.HttpServer.service(HttpServer.java:289)
	at php.java.bridge.http.HttpServer$Runner.run(HttpServer.java:205)
	at php.java.bridge.ThreadPool$Delegate.run(ThreadPool.java:60)
Oct 19 12:22:28 JavaBridge ERROR: An exception occured: java.lang.ClassNotFoundException: net.sf.jasperreports.engine.JasperCompileManager
java.lang.ClassNotFoundException: net.sf.jasperreports.engine.JasperCompileManager
	at java.net.URLClassLoader$1.run(URLClassLoader.java:217)
	at java.security.AccessController.doPrivileged(Native Method)
	at java.net.URLClassLoader.findClass(URLClassLoader.java:205)
	at java.lang.ClassLoader.loadClass(ClassLoader.java:321)
	at sun.misc.Launcher$AppClassLoader.loadClass(Launcher.java:294)
	at java.lang.ClassLoader.loadClass(ClassLoader.java:266)
	at java.lang.Class.forName0(Native Method)
	at java.lang.Class.forName(Class.java:264)
	at php.java.bridge.Util.classForName(Util.java:1518)
	at php.java.bridge.JavaBridge.CreateObject(JavaBridge.java:445)
	at php.java.bridge.Request.handleRequest(Request.java:444)
	at php.java.bridge.Request.handleRequests(Request.java:500)
	at php.java.bridge.JavaBridge.handleRequests(JavaBridge.java:150)
	at php.java.bridge.JavaBridgeRunner.doPut(JavaBridgeRunner.java:207)
	at php.java.bridge.http.HttpServer.service(HttpServer.java:289)
	at php.java.bridge.http.HttpServer$Runner.run(HttpServer.java:205)
	at php.java.bridge.ThreadPool$Delegate.run(ThreadPool.java:60)
Oct 19 12:22:28 JavaBridge ERROR: An exception occured: java.lang.ClassNotFoundException: net.sf.jasperreports.engine.JasperCompileManager
java.lang.ClassNotFoundException: net.sf.jasperreports.engine.JasperCompileManager
	at java.net.URLClassLoader$1.run(URLClassLoader.java:217)
	at java.security.AccessController.doPrivileged(Native Method)
	at java.net.URLClassLoader.findClass(URLClassLoader.java:205)
	at java.lang.ClassLoader.loadClass(ClassLoader.java:321)
	at sun.misc.Launcher$AppClassLoader.loadClass(Launcher.java:294)
	at java.lang.ClassLoader.loadClass(ClassLoader.java:266)
	at java.lang.Class.forName0(Native Method)
	at java.lang.Class.forName(Class.java:264)
	at php.java.bridge.Util.classForName(Util.java:1518)
	at php.java.bridge.JavaBridge.CreateObject(JavaBridge.java:445)
	at php.java.bridge.Request.handleRequest(Request.java:444)
	at php.java.bridge.Request.handleRequests(Request.java:500)
	at php.java.bridge.JavaBridge.handleRequests(JavaBridge.java:150)
	at php.java.bridge.JavaBridgeRunner.doPut(JavaBridgeRunner.java:207)
	at php.java.bridge.http.HttpServer.service(HttpServer.java:289)
	at php.java.bridge.http.HttpServer$Runner.run(HttpServer.java:205)
	at php.java.bridge.ThreadPool$Delegate.run(ThreadPool.java:60)
Oct 19 12:22:28 JavaBridge ERROR: An exception occured: java.lang.ClassNotFoundException: net.sf.jasperreports.engine.JasperCompileManager
java.lang.ClassNotFoundException: net.sf.jasperreports.engine.JasperCompileManager
	at java.net.URLClassLoader$1.run(URLClassLoader.java:217)
	at java.security.AccessController.doPrivileged(Native Method)
	at java.net.URLClassLoader.findClass(URLClassLoader.java:205)
	at java.lang.ClassLoader.loadClass(ClassLoader.java:321)
	at sun.misc.Launcher$AppClassLoader.loadClass(Launcher.java:294)
	at java.lang.ClassLoader.loadClass(ClassLoader.java:266)
	at java.lang.Class.forName0(Native Method)
	at java.lang.Class.forName(Class.java:264)
	at php.java.bridge.Util.classForName(Util.java:1518)
	at php.java.bridge.JavaBridge.CreateObject(JavaBridge.java:445)
	at php.java.bridge.Request.handleRequest(Request.java:444)
	at php.java.bridge.Request.handleRequests(Request.java:500)
	at php.java.bridge.JavaBridge.handleRequests(JavaBridge.java:150)
	at php.java.bridge.JavaBridgeRunner.doPut(JavaBridgeRunner.java:207)
	at php.java.bridge.http.HttpServer.service(HttpServer.java:289)
	at php.java.bridge.http.HttpServer$Runner.run(HttpServer.java:205)
	at php.java.bridge.ThreadPool$Delegate.run(ThreadPool.java:60)
Oct 19 12:22:29 JavaBridge ERROR: An exception occured: java.lang.ClassNotFoundException: net.sf.jasperreports.engine.JasperCompileManager
java.lang.ClassNotFoundException: net.sf.jasperreports.engine.JasperCompileManager
	at java.net.URLClassLoader$1.run(URLClassLoader.java:217)
	at java.security.AccessController.doPrivileged(Native Method)
	at java.net.URLClassLoader.findClass(URLClassLoader.java:205)
	at java.lang.ClassLoader.loadClass(ClassLoader.java:321)
	at sun.misc.Launcher$AppClassLoader.loadClass(Launcher.java:294)
	at java.lang.ClassLoader.loadClass(ClassLoader.java:266)
	at java.lang.Class.forName0(Native Method)
	at java.lang.Class.forName(Class.java:264)
	at php.java.bridge.Util.classForName(Util.java:1518)
	at php.java.bridge.JavaBridge.CreateObject(JavaBridge.java:445)
	at php.java.bridge.Request.handleRequest(Request.java:444)
	at php.java.bridge.Request.handleRequests(Request.java:500)
	at php.java.bridge.JavaBridge.handleRequests(JavaBridge.java:150)
	at php.java.bridge.JavaBridgeRunner.doPut(JavaBridgeRunner.java:207)
	at php.java.bridge.http.HttpServer.service(HttpServer.java:289)
	at php.java.bridge.http.HttpServer$Runner.run(HttpServer.java:205)
	at php.java.bridge.ThreadPool$Delegate.run(ThreadPool.java:60)
Oct 19 12:22:29 JavaBridge ERROR: An exception occured: java.lang.ClassNotFoundException: net.sf.jasperreports.engine.JasperCompileManager
java.lang.ClassNotFoundException: net.sf.jasperreports.engine.JasperCompileManager
	at java.net.URLClassLoader$1.run(URLClassLoader.java:217)
	at java.security.AccessController.doPrivileged(Native Method)
	at java.net.URLClassLoader.findClass(URLClassLoader.java:205)
	at java.lang.ClassLoader.loadClass(ClassLoader.java:321)
	at sun.misc.Launcher$AppClassLoader.loadClass(Launcher.java:294)
	at java.lang.ClassLoader.loadClass(ClassLoader.java:266)
	at java.lang.Class.forName0(Native Method)
	at java.lang.Class.forName(Class.java:264)
	at php.java.bridge.Util.classForName(Util.java:1518)
	at php.java.bridge.JavaBridge.CreateObject(JavaBridge.java:445)
	at php.java.bridge.Request.handleRequest(Request.java:444)
	at php.java.bridge.Request.handleRequests(Request.java:500)
	at php.java.bridge.JavaBridge.handleRequests(JavaBridge.java:150)
	at php.java.bridge.JavaBridgeRunner.doPut(JavaBridgeRunner.java:207)
	at php.java.bridge.http.HttpServer.service(HttpServer.java:289)
	at php.java.bridge.http.HttpServer$Runner.run(HttpServer.java:205)
	at php.java.bridge.ThreadPool$Delegate.run(ThreadPool.java:60)
Oct 19 12:22:29 JavaBridge ERROR: An exception occured: java.lang.ClassNotFoundException: net.sf.jasperreports.engine.JasperCompileManager
java.lang.ClassNotFoundException: net.sf.jasperreports.engine.JasperCompileManager
	at java.net.URLClassLoader$1.run(URLClassLoader.java:217)
	at java.security.AccessController.doPrivileged(Native Method)
	at java.net.URLClassLoader.findClass(URLClassLoader.java:205)
	at java.lang.ClassLoader.loadClass(ClassLoader.java:321)
	at sun.misc.Launcher$AppClassLoader.loadClass(Launcher.java:294)
	at java.lang.ClassLoader.loadClass(ClassLoader.java:266)
	at java.lang.Class.forName0(Native Method)
	at java.lang.Class.forName(Class.java:264)
	at php.java.bridge.Util.classForName(Util.java:1518)
	at php.java.bridge.JavaBridge.CreateObject(JavaBridge.java:445)
	at php.java.bridge.Request.handleRequest(Request.java:444)
	at php.java.bridge.Request.handleRequests(Request.java:500)
	at php.java.bridge.JavaBridge.handleRequests(JavaBridge.java:150)
	at php.java.bridge.JavaBridgeRunner.doPut(JavaBridgeRunner.java:207)
	at php.java.bridge.http.HttpServer.service(HttpServer.java:289)
	at php.java.bridge.http.HttpServer$Runner.run(HttpServer.java:205)
	at php.java.bridge.ThreadPool$Delegate.run(ThreadPool.java:60)
Oct 19 12:22:29 JavaBridge ERROR: An exception occured: java.lang.ClassNotFoundException: net.sf.jasperreports.engine.JasperCompileManager
java.lang.ClassNotFoundException: net.sf.jasperreports.engine.JasperCompileManager
	at java.net.URLClassLoader$1.run(URLClassLoader.java:217)
	at java.security.AccessController.doPrivileged(Native Method)
	at java.net.URLClassLoader.findClass(URLClassLoader.java:205)
	at java.lang.ClassLoader.loadClass(ClassLoader.java:321)
	at sun.misc.Launcher$AppClassLoader.loadClass(Launcher.java:294)
	at java.lang.ClassLoader.loadClass(ClassLoader.java:266)
	at java.lang.Class.forName0(Native Method)
	at java.lang.Class.forName(Class.java:264)
	at php.java.bridge.Util.classForName(Util.java:1518)
	at php.java.bridge.JavaBridge.CreateObject(JavaBridge.java:445)
	at php.java.bridge.Request.handleRequest(Request.java:444)
	at php.java.bridge.Request.handleRequests(Request.java:500)
	at php.java.bridge.JavaBridge.handleRequests(JavaBridge.java:150)
	at php.java.bridge.JavaBridgeRunner.doPut(JavaBridgeRunner.java:207)
	at php.java.bridge.http.HttpServer.service(HttpServer.java:289)
	at php.java.bridge.http.HttpServer$Runner.run(HttpServer.java:205)
	at php.java.bridge.ThreadPool$Delegate.run(ThreadPool.java:60)
Oct 19 12:22:30 JavaBridge ERROR: An exception occured: java.lang.ClassNotFoundException: net.sf.jasperreports.engine.JasperCompileManager
java.lang.ClassNotFoundException: net.sf.jasperreports.engine.JasperCompileManager
	at java.net.URLClassLoader$1.run(URLClassLoader.java:217)
	at java.security.AccessController.doPrivileged(Native Method)
	at java.net.URLClassLoader.findClass(URLClassLoader.java:205)
	at java.lang.ClassLoader.loadClass(ClassLoader.java:321)
	at sun.misc.Launcher$AppClassLoader.loadClass(Launcher.java:294)
	at java.lang.ClassLoader.loadClass(ClassLoader.java:266)
	at java.lang.Class.forName0(Native Method)
	at java.lang.Class.forName(Class.java:264)
	at php.java.bridge.Util.classForName(Util.java:1518)
	at php.java.bridge.JavaBridge.CreateObject(JavaBridge.java:445)
	at php.java.bridge.Request.handleRequest(Request.java:444)
	at php.java.bridge.Request.handleRequests(Request.java:500)
	at php.java.bridge.JavaBridge.handleRequests(JavaBridge.java:150)
	at php.java.bridge.JavaBridgeRunner.doPut(JavaBridgeRunner.java:207)
	at php.java.bridge.http.HttpServer.service(HttpServer.java:289)
	at php.java.bridge.http.HttpServer$Runner.run(HttpServer.java:205)
	at php.java.bridge.ThreadPool$Delegate.run(ThreadPool.java:60)
Oct 19 14:43:14 JavaBridge ERROR: An exception occured: java.lang.ClassNotFoundException: net.sf.jasperreports.engine.JasperCompileManager
java.lang.ClassNotFoundException: net.sf.jasperreports.engine.JasperCompileManager
	at java.net.URLClassLoader$1.run(URLClassLoader.java:217)
	at java.security.AccessController.doPrivileged(Native Method)
	at java.net.URLClassLoader.findClass(URLClassLoader.java:205)
	at java.lang.ClassLoader.loadClass(ClassLoader.java:321)
	at sun.misc.Launcher$AppClassLoader.loadClass(Launcher.java:294)
	at java.lang.ClassLoader.loadClass(ClassLoader.java:266)
	at java.lang.Class.forName0(Native Method)
	at java.lang.Class.forName(Class.java:264)
	at php.java.bridge.Util.classForName(Util.java:1518)
	at php.java.bridge.JavaBridge.CreateObject(JavaBridge.java:445)
	at php.java.bridge.Request.handleRequest(Request.java:444)
	at php.java.bridge.Request.handleRequests(Request.java:500)
	at php.java.bridge.JavaBridge.handleRequests(JavaBridge.java:150)
	at php.java.bridge.JavaBridgeRunner.doPut(JavaBridgeRunner.java:207)
	at php.java.bridge.http.HttpServer.service(HttpServer.java:289)
	at php.java.bridge.http.HttpServer$Runner.run(HttpServer.java:205)
	at php.java.bridge.ThreadPool$Delegate.run(ThreadPool.java:60)
Oct 19 14:43:16 JavaBridge ERROR: An exception occured: java.lang.ClassNotFoundException: net.sf.jasperreports.engine.JasperCompileManager
java.lang.ClassNotFoundException: net.sf.jasperreports.engine.JasperCompileManager
	at java.net.URLClassLoader$1.run(URLClassLoader.java:217)
	at java.security.AccessController.doPrivileged(Native Method)
	at java.net.URLClassLoader.findClass(URLClassLoader.java:205)
	at java.lang.ClassLoader.loadClass(ClassLoader.java:321)
	at sun.misc.Launcher$AppClassLoader.loadClass(Launcher.java:294)
	at java.lang.ClassLoader.loadClass(ClassLoader.java:266)
	at java.lang.Class.forName0(Native Method)
	at java.lang.Class.forName(Class.java:264)
	at php.java.bridge.Util.classForName(Util.java:1518)
	at php.java.bridge.JavaBridge.CreateObject(JavaBridge.java:445)
	at php.java.bridge.Request.handleRequest(Request.java:444)
	at php.java.bridge.Request.handleRequests(Request.java:500)
	at php.java.bridge.JavaBridge.handleRequests(JavaBridge.java:150)
	at php.java.bridge.JavaBridgeRunner.doPut(JavaBridgeRunner.java:207)
	at php.java.bridge.http.HttpServer.service(HttpServer.java:289)
	at php.java.bridge.http.HttpServer$Runner.run(HttpServer.java:205)
	at php.java.bridge.ThreadPool$Delegate.run(ThreadPool.java:60)
Oct 19 14:43:16 JavaBridge ERROR: An exception occured: java.lang.ClassNotFoundException: net.sf.jasperreports.engine.JasperCompileManager
java.lang.ClassNotFoundException: net.sf.jasperreports.engine.JasperCompileManager
	at java.net.URLClassLoader$1.run(URLClassLoader.java:217)
	at java.security.AccessController.doPrivileged(Native Method)
	at java.net.URLClassLoader.findClass(URLClassLoader.java:205)
	at java.lang.ClassLoader.loadClass(ClassLoader.java:321)
	at sun.misc.Launcher$AppClassLoader.loadClass(Launcher.java:294)
	at java.lang.ClassLoader.loadClass(ClassLoader.java:266)
	at java.lang.Class.forName0(Native Method)
	at java.lang.Class.forName(Class.java:264)
	at php.java.bridge.Util.classForName(Util.java:1518)
	at php.java.bridge.JavaBridge.CreateObject(JavaBridge.java:445)
	at php.java.bridge.Request.handleRequest(Request.java:444)
	at php.java.bridge.Request.handleRequests(Request.java:500)
	at php.java.bridge.JavaBridge.handleRequests(JavaBridge.java:150)
	at php.java.bridge.JavaBridgeRunner.doPut(JavaBridgeRunner.java:207)
	at php.java.bridge.http.HttpServer.service(HttpServer.java:289)
	at php.java.bridge.http.HttpServer$Runner.run(HttpServer.java:205)
	at php.java.bridge.ThreadPool$Delegate.run(ThreadPool.java:60)
Oct 19 14:43:16 JavaBridge ERROR: An exception occured: java.lang.ClassNotFoundException: net.sf.jasperreports.engine.JasperCompileManager
java.lang.ClassNotFoundException: net.sf.jasperreports.engine.JasperCompileManager
	at java.net.URLClassLoader$1.run(URLClassLoader.java:217)
	at java.security.AccessController.doPrivileged(Native Method)
	at java.net.URLClassLoader.findClass(URLClassLoader.java:205)
	at java.lang.ClassLoader.loadClass(ClassLoader.java:321)
	at sun.misc.Launcher$AppClassLoader.loadClass(Launcher.java:294)
	at java.lang.ClassLoader.loadClass(ClassLoader.java:266)
	at java.lang.Class.forName0(Native Method)
	at java.lang.Class.forName(Class.java:264)
	at php.java.bridge.Util.classForName(Util.java:1518)
	at php.java.bridge.JavaBridge.CreateObject(JavaBridge.java:445)
	at php.java.bridge.Request.handleRequest(Request.java:444)
	at php.java.bridge.Request.handleRequests(Request.java:500)
	at php.java.bridge.JavaBridge.handleRequests(JavaBridge.java:150)
	at php.java.bridge.JavaBridgeRunner.doPut(JavaBridgeRunner.java:207)
	at php.java.bridge.http.HttpServer.service(HttpServer.java:289)
	at php.java.bridge.http.HttpServer$Runner.run(HttpServer.java:205)
	at php.java.bridge.ThreadPool$Delegate.run(ThreadPool.java:60)
